Using pre-set license

 COMMAND LINE ARGUMENTS:
/Applications/Unity/Hub/Editor/2020.3.9f1c1/Unity.app/Contents/MacOS/Unity
-adb2
-batchMode
-noUpm
-name
AssetImportWorker1
-projectPath
/Users/llh/UnityProjects/PersonalProjects/FrameworkDesign
-logFile
Logs/AssetImportWorker1.log
-srvPort
53278
Successfully changed project path to: /Users/llh/UnityProjects/PersonalProjects/FrameworkDesign
/Users/llh/UnityProjects/PersonalProjects/FrameworkDesign
Using Asset Import Pipeline V2.
Refreshing native plugins compatible for Editor in 26.99 ms, found 1 plugins.
Preloading 0 native plugins for Editor in 0.00 ms.
Initialize engine version: 2020.3.9f1c1 (ef65345766d1)
[Subsystems] Discovering subsystems at path /Applications/Unity/Hub/Editor/2020.3.9f1c1/Unity.app/Contents/Resources/UnitySubsystems
[Subsystems] Discovering subsystems at path /Users/llh/UnityProjects/PersonalProjects/FrameworkDesign/Assets
GfxDevice: creating device client; threaded=0
2021-09-12 23:38:36.417 Unity[5608:501909] Color LCD preferred device: Intel(R) Iris(TM) Plus Graphics (low power)
2021-09-12 23:38:36.417 Unity[5608:501909] Metal devices available: 1
2021-09-12 23:38:36.417 Unity[5608:501909] 0: Intel(R) Iris(TM) Plus Graphics (low power)
2021-09-12 23:38:36.417 Unity[5608:501909] Using device Intel(R) Iris(TM) Plus Graphics (low power)
Initializing Metal device caps: Intel(R) Iris(TM) Plus Graphics
Initialize mono
Mono path[0] = '/Applications/Unity/Hub/Editor/2020.3.9f1c1/Unity.app/Contents/Managed'
Mono path[1] = '/Applications/Unity/Hub/Editor/2020.3.9f1c1/Unity.app/Contents/MonoBleedingEdge/lib/mono/unityjit'
Mono config path = '/Applications/Unity/Hub/Editor/2020.3.9f1c1/Unity.app/Contents/MonoBleedingEdge/etc'
Using monoOptions --debugger-agent=transport=dt_socket,embedding=1,server=y,suspend=n,address=127.0.0.1:56608
Begin MonoManager ReloadAssembly
Registering precompiled unity dll's ...
Register platform support module: /Applications/Unity/Hub/Editor/2020.3.9f1c1/Unity.app/Contents/PlaybackEngines/MacStandaloneSupport/UnityEditor.OSXStandalone.Extensions.dll
Register platform support module: /Applications/Unity/Hub/Editor/2020.3.9f1c1/PlaybackEngines/WindowsStandaloneSupport/UnityEditor.WindowsStandalone.Extensions.dll
Registered in 0.005522 seconds.
Native extension for WindowsStandalone target not found
Native extension for OSXStandalone target not found
Refreshing native plugins compatible for Editor in 25.87 ms, found 1 plugins.
Preloading 0 native plugins for Editor in 0.00 ms.
Mono: successfully reloaded assembly
- Completed reload, in  4.182 seconds
Platform modules already initialized, skipping
Registering precompiled user dll's ...
Registered in 0.000430 seconds.
Begin MonoManager ReloadAssembly
Native extension for WindowsStandalone target not found
Native extension for OSXStandalone target not found
Refreshing native plugins compatible for Editor in 25.26 ms, found 1 plugins.
Preloading 0 native plugins for Editor in 0.00 ms.
Mono: successfully reloaded assembly
- Completed reload, in  1.022 seconds
Platform modules already initialized, skipping
========================================================================
Worker process is ready to serve import requests
Launching external process: /Applications/Unity/Hub/Editor/2020.3.9f1c1/Unity.app/Contents/Tools/UnityShaderCompiler
Launched and connected shader compiler UnityShaderCompiler after 0.01 seconds
Refreshing native plugins compatible for Editor in 0.27 ms, found 1 plugins.
Preloading 0 native plugins for Editor in 0.00 ms.
Unloading 1186 Unused Serialized files (Serialized files now loaded: 0)
System memory in use before: 116.0 MB.
System memory in use after: 116.0 MB.

Unloading 10 unused Assets to reduce memory usage. Loaded Objects now: 1629.
Total: 1.745407 ms (FindLiveObjects: 0.137602 ms CreateObjectMapping: 0.036864 ms MarkObjects: 1.477333 ms  DeleteObjects: 0.092616 ms)

========================================================================
Received Import Request.
  path: Assets/CountApp/SubCountCommand.cs
  artifactKey: Guid(f35a0b002a1604d36b3d1f6564dad0d3) Importer(815301076,1909f56bfc062723c751e8b465ee728b)
Start importing Assets/CountApp/SubCountCommand.cs using Guid(f35a0b002a1604d36b3d1f6564dad0d3) Importer(815301076,1909f56bfc062723c751e8b465ee728b)  -> (artifact id: 'b5eb3327325390dc0abde192466cf0ea') in 0.871476 seconds
  Import took 0.874791 seconds .

========================================================================
Received Import Request.
  Time since last request: 95.928369 seconds.
  path: Assets/CountApp/IAchievementSystem.cs
  artifactKey: Guid(9c092d661bb854d369ef01388d5a24c6) Importer(815301076,1909f56bfc062723c751e8b465ee728b)
Start importing Assets/CountApp/IAchievementSystem.cs using Guid(9c092d661bb854d369ef01388d5a24c6) Importer(815301076,1909f56bfc062723c751e8b465ee728b)  -> (artifact id: 'addc811e27b97a1b36e9ed13b214f828') in 0.007065 seconds
  Import took 0.009626 seconds .

========================================================================
Received Prepare
Registering precompiled user dll's ...
Registered in 0.000381 seconds.
Begin MonoManager ReloadAssembly
Native extension for WindowsStandalone target not found
Native extension for OSXStandalone target not found
Refreshing native plugins compatible for Editor in 0.20 ms, found 1 plugins.
Preloading 0 native plugins for Editor in 0.00 ms.
Mono: successfully reloaded assembly
- Completed reload, in  1.008 seconds
Platform modules already initialized, skipping
Refreshing native plugins compatible for Editor in 0.20 ms, found 1 plugins.
Preloading 0 native plugins for Editor in 0.00 ms.
Unloading 1182 Unused Serialized files (Serialized files now loaded: 0)
System memory in use before: 120.3 MB.
System memory in use after: 120.4 MB.

Unloading 5 unused Assets to reduce memory usage. Loaded Objects now: 1633.
Total: 2.289635 ms (FindLiveObjects: 0.238642 ms CreateObjectMapping: 0.052625 ms MarkObjects: 1.932751 ms  DeleteObjects: 0.064415 ms)

========================================================================
Received Import Request.
  Time since last request: 340.772979 seconds.
  path: Assets/CountApp/IAchievementSystem.cs
  artifactKey: Guid(9c092d661bb854d369ef01388d5a24c6) Importer(815301076,1909f56bfc062723c751e8b465ee728b)
Start importing Assets/CountApp/IAchievementSystem.cs using Guid(9c092d661bb854d369ef01388d5a24c6) Importer(815301076,1909f56bfc062723c751e8b465ee728b)  -> (artifact id: '6fe358a6249844899271038ce9be6063') in 0.008233 seconds
  Import took 0.010636 seconds .

========================================================================
Received Prepare
Registering precompiled user dll's ...
Registered in 0.000455 seconds.
Begin MonoManager ReloadAssembly
Native extension for WindowsStandalone target not found
Native extension for OSXStandalone target not found
Refreshing native plugins compatible for Editor in 0.31 ms, found 1 plugins.
Preloading 0 native plugins for Editor in 0.00 ms.
Mono: successfully reloaded assembly
- Completed reload, in  0.997 seconds
Platform modules already initialized, skipping
Refreshing native plugins compatible for Editor in 0.20 ms, found 1 plugins.
Preloading 0 native plugins for Editor in 0.00 ms.
Unloading 1182 Unused Serialized files (Serialized files now loaded: 0)
System memory in use before: 120.5 MB.
System memory in use after: 120.6 MB.

Unloading 5 unused Assets to reduce memory usage. Loaded Objects now: 1636.
Total: 2.067867 ms (FindLiveObjects: 0.115866 ms CreateObjectMapping: 0.030136 ms MarkObjects: 1.816684 ms  DeleteObjects: 0.103500 ms)

========================================================================
Received Import Request.
  Time since last request: 236.677301 seconds.
  path: Assets/CountApp/IAchievementSystem.cs
  artifactKey: Guid(9c092d661bb854d369ef01388d5a24c6) Importer(815301076,1909f56bfc062723c751e8b465ee728b)
Start importing Assets/CountApp/IAchievementSystem.cs using Guid(9c092d661bb854d369ef01388d5a24c6) Importer(815301076,1909f56bfc062723c751e8b465ee728b)  -> (artifact id: 'db7b960f98a0e27f55450ae7ec20c9a6') in 0.007593 seconds
  Import took 0.010829 seconds .

========================================================================
Received Prepare
Registering precompiled user dll's ...
Registered in 0.000542 seconds.
Begin MonoManager ReloadAssembly
Native extension for WindowsStandalone target not found
Native extension for OSXStandalone target not found
Refreshing native plugins compatible for Editor in 0.21 ms, found 1 plugins.
Preloading 0 native plugins for Editor in 0.00 ms.
Mono: successfully reloaded assembly
- Completed reload, in  1.195 seconds
Platform modules already initialized, skipping
Refreshing native plugins compatible for Editor in 0.21 ms, found 1 plugins.
Preloading 0 native plugins for Editor in 0.00 ms.
Unloading 1182 Unused Serialized files (Serialized files now loaded: 0)
System memory in use before: 120.7 MB.
System memory in use after: 120.8 MB.

Unloading 5 unused Assets to reduce memory usage. Loaded Objects now: 1639.
Total: 1.388900 ms (FindLiveObjects: 0.112254 ms CreateObjectMapping: 0.030078 ms MarkObjects: 1.189720 ms  DeleteObjects: 0.056032 ms)

========================================================================
Received Import Request.
  Time since last request: 83.621139 seconds.
  path: Assets/CountApp/IAchievementSystem.cs
  artifactKey: Guid(9c092d661bb854d369ef01388d5a24c6) Importer(815301076,1909f56bfc062723c751e8b465ee728b)
Start importing Assets/CountApp/IAchievementSystem.cs using Guid(9c092d661bb854d369ef01388d5a24c6) Importer(815301076,1909f56bfc062723c751e8b465ee728b)  -> (artifact id: 'b5d13bdb6b4412f15e9df7787e09c33d') in 0.010123 seconds
  Import took 0.013506 seconds .

========================================================================
Received Prepare
Registering precompiled user dll's ...
Registered in 0.000607 seconds.
Begin MonoManager ReloadAssembly
Native extension for WindowsStandalone target not found
Native extension for OSXStandalone target not found
Refreshing native plugins compatible for Editor in 0.25 ms, found 1 plugins.
Preloading 0 native plugins for Editor in 0.00 ms.
Mono: successfully reloaded assembly
- Completed reload, in  0.918 seconds
Platform modules already initialized, skipping
Refreshing native plugins compatible for Editor in 0.29 ms, found 1 plugins.
Preloading 0 native plugins for Editor in 0.00 ms.
Unloading 1182 Unused Serialized files (Serialized files now loaded: 0)
System memory in use before: 120.9 MB.
System memory in use after: 121.0 MB.

Unloading 5 unused Assets to reduce memory usage. Loaded Objects now: 1642.
Total: 1.675858 ms (FindLiveObjects: 0.133215 ms CreateObjectMapping: 0.037665 ms MarkObjects: 1.442983 ms  DeleteObjects: 0.060531 ms)

========================================================================
Received Prepare
Registering precompiled user dll's ...
Registered in 0.002594 seconds.
Begin MonoManager ReloadAssembly
Native extension for WindowsStandalone target not found
Native extension for OSXStandalone target not found
Refreshing native plugins compatible for Editor in 0.20 ms, found 1 plugins.
Preloading 0 native plugins for Editor in 0.00 ms.
Mono: successfully reloaded assembly
- Completed reload, in  1.008 seconds
Platform modules already initialized, skipping
Refreshing native plugins compatible for Editor in 0.37 ms, found 1 plugins.
Preloading 0 native plugins for Editor in 0.00 ms.
Unloading 1182 Unused Serialized files (Serialized files now loaded: 0)
System memory in use before: 121.1 MB.
System memory in use after: 121.2 MB.

Unloading 5 unused Assets to reduce memory usage. Loaded Objects now: 1645.
Total: 1.713469 ms (FindLiveObjects: 0.171817 ms CreateObjectMapping: 0.030006 ms MarkObjects: 1.459923 ms  DeleteObjects: 0.050871 ms)

========================================================================
Received Import Request.
  Time since last request: 321.012313 seconds.
  path: Assets/FrameworkDesign/Framework/Architecture/IController.cs
  artifactKey: Guid(f58ecdd23ea7d414d857caf54dfaf51f) Importer(815301076,1909f56bfc062723c751e8b465ee728b)
Start importing Assets/FrameworkDesign/Framework/Architecture/IController.cs using Guid(f58ecdd23ea7d414d857caf54dfaf51f) Importer(815301076,1909f56bfc062723c751e8b465ee728b)  -> (artifact id: 'cfe9e9720203c0b1e51a48e1e27a767c') in 0.009323 seconds
  Import took 0.011905 seconds .

========================================================================
Received Prepare
Registering precompiled user dll's ...
Registered in 0.000373 seconds.
Begin MonoManager ReloadAssembly
Native extension for WindowsStandalone target not found
Native extension for OSXStandalone target not found
Refreshing native plugins compatible for Editor in 0.21 ms, found 1 plugins.
Preloading 0 native plugins for Editor in 0.00 ms.
Mono: successfully reloaded assembly
- Completed reload, in  0.971 seconds
Platform modules already initialized, skipping
Refreshing native plugins compatible for Editor in 0.21 ms, found 1 plugins.
Preloading 0 native plugins for Editor in 0.00 ms.
Unloading 1183 Unused Serialized files (Serialized files now loaded: 0)
System memory in use before: 121.3 MB.
System memory in use after: 121.4 MB.

Unloading 5 unused Assets to reduce memory usage. Loaded Objects now: 1649.
Total: 1.657017 ms (FindLiveObjects: 0.151121 ms CreateObjectMapping: 0.033544 ms MarkObjects: 1.410423 ms  DeleteObjects: 0.060543 ms)

========================================================================
Received Import Request.
  Time since last request: 50.830322 seconds.
  path: Assets/FrameworkDesign/Framework/Architecture/IController.cs
  artifactKey: Guid(f58ecdd23ea7d414d857caf54dfaf51f) Importer(815301076,1909f56bfc062723c751e8b465ee728b)
Start importing Assets/FrameworkDesign/Framework/Architecture/IController.cs using Guid(f58ecdd23ea7d414d857caf54dfaf51f) Importer(815301076,1909f56bfc062723c751e8b465ee728b)  -> (artifact id: '4c6f4023638e08e21a33d8b5265b3213') in 0.010562 seconds
  Import took 0.014254 seconds .

========================================================================
Received Prepare
Registering precompiled user dll's ...
Registered in 0.000403 seconds.
Begin MonoManager ReloadAssembly
Native extension for WindowsStandalone target not found
Native extension for OSXStandalone target not found
Refreshing native plugins compatible for Editor in 0.20 ms, found 1 plugins.
Preloading 0 native plugins for Editor in 0.00 ms.
Mono: successfully reloaded assembly
- Completed reload, in  0.961 seconds
Platform modules already initialized, skipping
Refreshing native plugins compatible for Editor in 0.23 ms, found 1 plugins.
Preloading 0 native plugins for Editor in 0.00 ms.
Unloading 1183 Unused Serialized files (Serialized files now loaded: 0)
System memory in use before: 121.5 MB.
System memory in use after: 121.5 MB.

Unloading 5 unused Assets to reduce memory usage. Loaded Objects now: 1652.
Total: 1.640521 ms (FindLiveObjects: 0.113991 ms CreateObjectMapping: 0.029755 ms MarkObjects: 1.441664 ms  DeleteObjects: 0.053934 ms)

========================================================================
Received Prepare
Registering precompiled user dll's ...
Registered in 0.000392 seconds.
Begin MonoManager ReloadAssembly
Native extension for WindowsStandalone target not found
Native extension for OSXStandalone target not found
Refreshing native plugins compatible for Editor in 0.23 ms, found 1 plugins.
Preloading 0 native plugins for Editor in 0.00 ms.
Mono: successfully reloaded assembly
- Completed reload, in  1.015 seconds
Platform modules already initialized, skipping
Refreshing native plugins compatible for Editor in 0.22 ms, found 1 plugins.
Preloading 0 native plugins for Editor in 0.00 ms.
Unloading 1183 Unused Serialized files (Serialized files now loaded: 0)
System memory in use before: 121.6 MB.
System memory in use after: 121.7 MB.

Unloading 5 unused Assets to reduce memory usage. Loaded Objects now: 1655.
Total: 1.424523 ms (FindLiveObjects: 0.111213 ms CreateObjectMapping: 0.027556 ms MarkObjects: 1.228015 ms  DeleteObjects: 0.056559 ms)

========================================================================
Received Prepare
Registering precompiled user dll's ...
Registered in 0.000386 seconds.
Begin MonoManager ReloadAssembly
Native extension for WindowsStandalone target not found
Native extension for OSXStandalone target not found
Refreshing native plugins compatible for Editor in 0.23 ms, found 1 plugins.
Preloading 0 native plugins for Editor in 0.00 ms.
Mono: successfully reloaded assembly
- Completed reload, in  0.971 seconds
Platform modules already initialized, skipping
Refreshing native plugins compatible for Editor in 0.27 ms, found 1 plugins.
Preloading 0 native plugins for Editor in 0.00 ms.
Unloading 1183 Unused Serialized files (Serialized files now loaded: 0)
System memory in use before: 121.8 MB.
System memory in use after: 121.9 MB.

Unloading 5 unused Assets to reduce memory usage. Loaded Objects now: 1658.
Total: 1.631590 ms (FindLiveObjects: 0.111808 ms CreateObjectMapping: 0.029868 ms MarkObjects: 1.431736 ms  DeleteObjects: 0.057335 ms)

